 Timestep     No_Moles     No_Specs     C108H184O90	C54H92O45	Ca	OCa2	O	OCa	O2Ca	
103        660          7	 1	 1	 298	 3	 297	 58	 2	
 Timestep     No_Moles     No_Specs     C2	H2OCa	C2H4O3Ca2	O	HO	HO2	HOCa	C2H2	CHOCa	CH	HO2Ca	C3O	CH3O2Ca	H2O2	H2O	C3	C2H	C	H2O3	C4	C3H	C2H3OCa	C3H2O	C2O	C2H3O	C5H3	CH2O	C4H2O	H2O3Ca	C3HO2	C4HCa	OCa	C4O	H2O2Ca	C2HO	H3O3Ca	CH2	CO	C4H2	Ca	
50003        803         40	 21	 2	 1	 209	 107	 27	 15	 6	 1	 10	 7	 1	 1	 10	 6	 5	 4	 8	 6	 1	 3	 1	 1	 3	 1	 1	 1	 1	 2	 1	 1	 18	 2	 2	 1	 1	 2	 1	 1	 311	
 Timestep     No_Moles     No_Specs     C2	H4O4	C2H2	O	HO	H3O3	C2HO	HOCa	H2O	C	H2O2	C3H	CH	H3O4	CHO	HO2	C2H	H2O2Ca	C4H	H2O3Ca	H3O2	C3	CO2	OCa	C5H2	H2O3	C2HOCa2	C2O	C2HCa	C2Ca	C4H2	HO3Ca	CO	HO2Ca	Ca	O2	
100003        836         36	 35	 1	 2	 188	 131	 3	 1	 13	 10	 21	 5	 3	 10	 1	 3	 39	 4	 1	 1	 2	 1	 3	 1	 14	 1	 2	 1	 2	 1	 1	 1	 1	 2	 1	 328	 2	
 Timestep     No_Moles     No_Specs     C2	CH	HO	HO2	OCa	C2O	H2O2	O	C	HOCa	C2H	H5O5	H2O2Ca	C4H4	C3	H2O	C2HO	H4O6Ca	H2O3	CO	H3O3Ca	C2OCa	C4	HO2Ca	CH2	HO2Ca2	C4H2	C2H2	Ca	O2	
150003        832         30	 37	 8	 147	 31	 25	 2	 9	 172	 33	 9	 3	 1	 2	 1	 5	 7	 2	 1	 5	 1	 1	 1	 1	 7	 1	 1	 1	 1	 316	 1	
 Timestep     No_Moles     No_Specs     C2O	C	HO	C2	O	CH	C2H	H2O3Ca	H2O2	CCa	HO2	H2O3	C4	HOCa	C3	C2H3O2	HO2Ca	C2H2	CH2	H4O3Ca	H2O	CO	H2O2Ca	C2HO	OCa	C4H2	CHO	HO2Ca2	H3O2	HO3Ca	Ca	
200003        839         31	 5	 29	 139	 31	 182	 7	 4	 1	 14	 1	 37	 3	 2	 10	 7	 1	 3	 1	 2	 1	 7	 1	 1	 2	 14	 1	 1	 2	 1	 1	 328	
 Timestep     No_Moles     No_Specs     C2	C	HO	O	HO2	H2OCa	HOCa	CH	H2O	HO2Ca	H2O2	H2O3	H2O3Ca	CHO	H2O2Ca2	C3OCa	H3O2	OCa	C2H3O5Ca	C3	C4	CO	C2H	C6	H3O3	C2O	C4H2	Ca	
250003        831         28	 37	 30	 140	 176	 29	 1	 13	 10	 10	 7	 10	 6	 2	 2	 1	 1	 1	 20	 1	 2	 2	 3	 4	 1	 1	 3	 1	 317	
 Timestep     No_Moles     No_Specs     C2	CH	HO2	HO	H3O3	O	HOCa	C	C2H2	C4H	H2O	H2O2Ca	HO2Ca	O2Ca	C3H2	H2O3	C2H2O2Ca	CHOCa	CH2	H2O2	HO2Ca2	H3O4	C4	C4O	CO	H3O2	H3O4Ca	H2O3Ca	OCa	CH2O	C2HO	C2HO2Ca	C2O	C2Ca	C2H	CCa	Ca	
300003        829         37	 34	 14	 32	 142	 1	 177	 16	 37	 4	 1	 4	 4	 6	 1	 1	 2	 1	 1	 1	 4	 1	 1	 1	 1	 4	 1	 1	 2	 24	 1	 1	 1	 1	 1	 1	 1	 303	
 Timestep     No_Moles     No_Specs     C2O	CH	HO	C	O	HO2	C2	H2O3	H4O4Ca	C2H	H2O	HOCa	H2O2	C3H	CH2	HO2Ca	C3	H2O2Ca	C2H2	H3O3Ca	CO	OCa	C4	H2O3Ca	H2O4Ca	C2HO	CHO	Ca	OCa2	O2Ca	
350003        830         30	 4	 12	 124	 43	 162	 44	 34	 7	 1	 3	 5	 13	 17	 1	 1	 2	 3	 1	 1	 1	 3	 18	 1	 1	 1	 1	 1	 323	 1	 1	
 Timestep     No_Moles     No_Specs     C2	CH	HO	H2O	HO2	H2O3Ca	O	HO2Ca	CO	C2O	C	OCa	H2O3	C2H	C3	H2O2	HOCa	H3O3	H3O3Ca	C2H2	H2O2Ca	C4	CHO	O2Ca	H3O2	Ca	
400003        841         26	 31	 11	 143	 11	 24	 1	 176	 10	 2	 5	 49	 24	 6	 4	 3	 6	 18	 1	 1	 1	 3	 2	 1	 1	 1	 306	
 Timestep     No_Moles     No_Specs     C2	C	HO	O	H3O3	H2O3Ca	OCa	HOCa	CH	HO2	H2O2	C2H	H2O3	H2O	C2HO	H2O2Ca	O2Ca	CH2O2	C2O	C2H2O	C3	H4O4	CO	HO2Ca	C3H	CH2	COCa	H3O2	H3O3Ca	C3OCa	Ca	
450003        820         31	 31	 45	 124	 160	 2	 2	 21	 18	 13	 42	 10	 2	 4	 4	 2	 3	 1	 1	 2	 1	 5	 1	 4	 6	 1	 1	 1	 1	 1	 1	 310	
 Timestep     No_Moles     No_Specs     C	C2	C3O	HO	H2O2Ca	O	H4O5Ca	CH	H2O	H2O2	HO2	HOCa	C2H2O	CO	C2O	H3O4	C2HO	C2H2	OCa	H2O3	HO2Ca	CH2	C3	C2H	CHO	HO2Ca2	CH2O2	H2O2Ca2	HOCa2	Ca	O2Ca	
500003        838         31	 51	 30	 2	 143	 3	 179	 1	 9	 6	 11	 22	 17	 1	 2	 4	 1	 1	 3	 19	 4	 10	 1	 3	 2	 1	 1	 1	 1	 1	 307	 1	
 Timestep     No_Moles     No_Specs     C	C2	HO	O	HO2	CH	CH2	H3O3Ca	C2H	H2O	HO2Ca	HOCa	OCa	H2OCa	H2O2	C2H2	C3	C2O	H2O3	C2HO	C3H	C4	C2OCa	CO	H2O3Ca	CH2O	Ca	
550003        848         27	 48	 26	 151	 176	 38	 11	 2	 1	 3	 2	 9	 19	 19	 2	 6	 4	 3	 3	 2	 1	 1	 2	 1	 4	 1	 1	 312	
 Timestep     No_Moles     No_Specs     CH	C2	C	HO	HO2	O	H2O2Ca	H3O4Ca	HO2Ca	H2O	C2HO	H2O2	HOCa	H4O4	C2H	CHO	C2H2	C2O	C3	H2O3	OCa	C2HOCa	CO	H2OCa	C4H2	H3O4	HO2Ca2	Ca	
600003        840         28	 13	 30	 51	 124	 36	 181	 3	 1	 12	 7	 1	 11	 9	 1	 1	 2	 6	 3	 2	 4	 16	 1	 2	 1	 1	 1	 1	 319	
 Timestep     No_Moles     No_Specs     C	C2OCa	HO2	C2	HOCa	HO	HO2Ca	CH2O2	H2O2Ca	OCa	H2O3	O	CO	C3	C2H	H2O3Ca	H2O2	H3O3	CHO	C2H2	CH	H2O	C2H3OCa	CH2O	C4H2	H2OCa2	C4H	C3H	H3O4	HO3Ca	C2O	HO2Ca2	O2Ca	H	Ca	
650003        839         35	 56	 1	 38	 27	 13	 133	 7	 1	 2	 16	 3	 172	 5	 3	 3	 2	 8	 2	 2	 1	 9	 7	 1	 1	 1	 1	 1	 1	 1	 1	 1	 1	 1	 1	 316	
 Timestep     No_Moles     No_Specs     C	C2H	C2	H2O	HO2Ca	HO	H2O2	HO2	CHO	HOCa	O	CH	H2O3	H4O4	C4	H3O3	H2O2Ca	C3HO	HO2Ca2	CO	OCa	C2O	H3O4	CH2	C4HO	CHOCa	C3H	H3O2	C2HO	H	C3O	HO3Ca	Ca	O2Ca	OCa2	
700003        835         35	 54	 1	 24	 2	 8	 148	 12	 29	 3	 12	 164	 7	 4	 1	 4	 1	 2	 1	 2	 5	 17	 4	 1	 3	 1	 1	 1	 1	 1	 1	 1	 1	 316	 1	 1	
 Timestep     No_Moles     No_Specs     C3O	C2	C2O	C2H2	C2H	O	HO	C	C4HO	H2O3	CH	HO2	H2O	C4HO2	H3O2	H2O2	HOCa	C4	CHOCa	H2O3Ca	H2O2Ca	H3O3	HO2Ca	OCa	C3H	CH2	CO	CHO	C2HO	CCa	HO2Ca2	Ca	O2Ca	
750003        828         33	 1	 26	 2	 2	 1	 174	 118	 59	 1	 5	 11	 30	 7	 1	 2	 12	 21	 1	 1	 1	 4	 2	 7	 25	 1	 2	 2	 4	 1	 1	 1	 301	 1	
 Timestep     No_Moles     No_Specs     C2	C	C2H2	OCa	HO	O	CH	HO2	HOCa	H2O	H2O2	CO	C3	C2HO	C2H	C4	C3H	HO3Ca2	HO2Ca	CHO	H3O3Ca2	H2O3	C2O	H2O3Ca	H2O2Ca	CH2O	HO2Ca2	Ca	
800003        866         28	 27	 51	 4	 22	 149	 197	 19	 28	 16	 8	 6	 2	 2	 1	 4	 1	 1	 1	 7	 2	 1	 1	 1	 1	 1	 1	 1	 311	
 Timestep     No_Moles     No_Specs     C2	C2O	C2H2	HO	C2H	CO	O	HOCa	H2O2Ca	H2O2	C	CH	HO2	H2O	H2O3Ca	CH2O	C2HO	C7H	H4O3	CHOCa	C4	H2O3	HO2Ca	H6O6	CH2	O2Ca	OCa	C3	H2OCa	COCa	Ca	
850003        849         31	 24	 1	 6	 131	 2	 5	 187	 13	 2	 10	 54	 15	 31	 5	 1	 1	 2	 1	 1	 1	 1	 5	 6	 1	 1	 1	 22	 1	 1	 1	 316	
 Timestep     No_Moles     No_Specs     C3	C2	H2O	C2H	HO2	HO	O	H3O3	HO2Ca	C	C2H2	CO	OCa	CH	H2O2	H2O3	CHOCa	C2O	C2HO	H2OCa	HOCa	CHO	C4O	CH2	CH2O	H2O2Ca	H2O3Ca	Ca	
900003        842         28	 6	 23	 8	 1	 32	 126	 181	 2	 7	 50	 5	 5	 18	 11	 10	 7	 1	 4	 1	 2	 16	 3	 1	 1	 1	 1	 1	 318	
 Timestep     No_Moles     No_Specs     C3O	C2	HO	C	O	H2O2Ca	H2O	HOCa	HO2Ca	H2O3	CO	CHO	CH	HO2	C3	C2H2	OCa	C2H	H3O3	H2O2	C2O	H2OCa	H2O3Ca	C2H2O	C3HO	HO3Ca	Ca	OCa2	O2Ca	
950003        844         29	 1	 25	 140	 55	 180	 5	 6	 14	 4	 5	 5	 1	 9	 27	 4	 5	 20	 4	 3	 9	 2	 1	 1	 1	 1	 1	 311	 3	 1	
 Timestep     No_Moles     No_Specs     C2	HO	C	HO2	H2O2	CO	CH	HO2Ca	CHO	H3O3	H2OCa	H2O	OCa	H3O4	O	HOCa	C2H2	H2O3	C2O	C3H	CH2	H2O2Ca	C2Ca	C3	C4	OCa2	Ca	
1000003        841         27	 32	 131	 50	 33	 15	 9	 13	 12	 1	 2	 1	 9	 21	 1	 171	 14	 2	 2	 1	 1	 1	 1	 1	 3	 1	 1	 312	
